<?xml version="1.0" encoding="UTF-8"?>
<!-- Generated by org.testng.reporters.JUnitXMLReporter -->
<testsuite ignored="0" hostname="CSMBHUL815" failures="3" tests="123" name="Test" time="1426.007" errors="0" timestamp="2022-12-29T15:52:54 IST">
  <testcase classname="com.Khanij.WeighbridgeRegistration.Alphanumeric" name="loginPageOpen" time="75.631"/>
  <testcase classname="com.Khanij.WeighbridgeRegistration.Mandatory$Alphanumeric" name="loginPageOpen" time="28.478"/>
  <testcase classname="com.Khanij.WeighbridgeRegistration.Mandatory$Alphanumeric" name="CheckMandatoryForWeighbridgeName" time="6.597"/>
  <testcase classname="com.Khanij.WeighbridgeRegistration.Alphanumeric" name="WBNameTextFieldAlphanumericCheck" time="2.478"/>
  <testcase classname="com.Khanij.WeighbridgeRegistration.Mandatory$Alphanumeric" name="CheckMandatoryForsupervisorname" time="6.711"/>
  <testcase classname="com.Khanij.WeighbridgeRegistration.Alphanumeric" name="SPNameTextFieldAlphanumericCheck" time="2.503"/>
  <testcase classname="com.Khanij.WeighbridgeRegistration.Mandatory$Alphanumeric" name="CheckMandatoryForsupervisorContact" time="8.143"/>
  <testcase classname="com.Khanij.WeighbridgeRegistration.Alphanumeric" name="SPCNOTextFieldAlphanumericCheck" time="2.49"/>
  <testcase classname="com.Khanij.WeighbridgeRegistration.Alphanumeric" name="CapacityNameTextFieldAlphanumericCheck" time="2.485"/>
  <testcase classname="com.Khanij.WeighbridgeRegistration.Mandatory$Alphanumeric" name="CheckMandatoryForCapacity" time="9.411"/>
  <testcase classname="com.Khanij.WeighbridgeRegistration.Alphanumeric" name="AreaOfLandTextFieldAlphanumericCheck" time="2.482"/>
  <testcase classname="com.Khanij.WeighbridgeRegistration.Mandatory$Alphanumeric" name="CheckMandatoryForAreaType" time="10.163"/>
  <testcase classname="com.Khanij.WeighbridgeRegistration.Mandatory$Alphanumeric" name="CheckMandatoryForAreaOfLand" time="12.923"/>
  <testcase classname="com.Khanij.WeighbridgeRegistration.Alphanumeric" name="WBModelBaudRateTextFieldAlphanumericCheck" time="2.503"/>
  <testcase classname="com.Khanij.WeighbridgeRegistration.Mandatory$Alphanumeric" name="CheckMandatoryForLocation" time="12.928"/>
  <testcase classname="com.Khanij.WeighbridgeRegistration.Alphanumeric" name="WBDataBitTextFieldAlphanumericCheck" time="2.489"/>
  <testcase classname="com.Khanij.WeighbridgeRegistration.Mandatory$Alphanumeric" name="CheckMandatoryForUploadStampCopy" time="14.728"/>
  <testcase classname="com.Khanij.WeighbridgeRegistration.Alphanumeric" name="WBStopBitTextFieldAlphanumericCheck" time="2.535"/>
  <testcase classname="com.Khanij.WeighbridgeRegistration.Mandatory$Alphanumeric" name="CheckMandatoryForStampValidFrom" time="14.704"/>
  <testcase classname="com.Khanij.WeighbridgeRegistration.Alphanumeric" name="WBParityTextFieldAlphanumericCheck" time="2.48"/>
  <testcase classname="com.Khanij.WeighbridgeRegistration.Mandatory$Alphanumeric" name="CheckMandatoryForStampValidTo" time="19.004">
    <failure type="org.openqa.selenium.ElementClickInterceptedException" message="element click intercepted: Element &amp;lt;input id=&amp;quot;btnSaveWB&amp;quot; type=&amp;quot;button&amp;quot; value=&amp;quot;SAVE&amp;quot; class=&amp;quot;btn btn-success&amp;quot;&amp;gt; is not clickable at point (362, 594). Other element would receive the click: &amp;lt;div class=&amp;quot;swal-overlay swal-overlay--show-modal&amp;quot; tabindex=&amp;quot;-1&amp;quot;&amp;gt;...&amp;lt;/div&amp;gt;
  (Session info: chrome=108.0.5359.125)
Build info: version: &amp;apos;3.141.59&amp;apos;, revision: &amp;apos;e82be7d358&amp;apos;, time: &amp;apos;2018-11-14T08:17:03&amp;apos;
System info: host: &amp;apos;CSMBHUL815&amp;apos;, ip: &amp;apos;192.168.61.249&amp;apos;, os.name: &amp;apos;Windows 10&amp;apos;, os.arch: &amp;apos;amd64&amp;apos;, os.version: &amp;apos;10.0&amp;apos;, java.version: &amp;apos;18.0.2&amp;apos;
Driver info: org.openqa.selenium.chrome.ChromeDriver
Capabilities {acceptInsecureCerts: false, browserName: chrome, browserVersion: 108.0.5359.125, chrome: {chromedriverVersion: 108.0.5359.71 (1e0e3868ee06..., userDataDir: C:\Users\GAYATR~1.RAT\AppDa...}, goog:chromeOptions: {debuggerAddress: localhost:64301}, javascriptEnabled: true, networkConnectionEnabled: false, pageLoadStrategy: normal, platform: WINDOWS, platformName: WINDOWS, proxy: Proxy(), setWindowRect: true, strictFileInteractability: false, timeouts: {implicit: 0, pageLoad: 300000, script: 30000}, unhandledPromptBehavior: dismiss and notify, webauthn:extension:credBlob: true, webauthn:extension:largeBlob: true, webauthn:virtualAuthenticators: true}
Session ID: a5e55135bccf484b00e6b3001dac45b2">
      <![CDATA[org.openqa.selenium.ElementClickInterceptedException: element click intercepted: Element <input id="btnSaveWB" type="button" value="SAVE" class="btn btn-success"> is not clickable at point (362, 594). Other element would receive the click: <div class="swal-overlay swal-overlay--show-modal" tabindex="-1">...</div>
  (Session info: chrome=108.0.5359.125)
Build info: version: '3.141.59', revision: 'e82be7d358', time: '2018-11-14T08:17:03'
System info: host: 'CSMBHUL815', ip: '192.168.61.249', os.name: 'Windows 10', os.arch: 'amd64', os.version: '10.0', java.version: '18.0.2'
Driver info: org.openqa.selenium.chrome.ChromeDriver
Capabilities {acceptInsecureCerts: false, browserName: chrome, browserVersion: 108.0.5359.125, chrome: {chromedriverVersion: 108.0.5359.71 (1e0e3868ee06..., userDataDir: C:\Users\GAYATR~1.RAT\AppDa...}, goog:chromeOptions: {debuggerAddress: localhost:64301}, javascriptEnabled: true, networkConnectionEnabled: false, pageLoadStrategy: normal, platform: WINDOWS, platformName: WINDOWS, proxy: Proxy(), setWindowRect: true, strictFileInteractability: false, timeouts: {implicit: 0, pageLoad: 300000, script: 30000}, unhandledPromptBehavior: dismiss and notify, webauthn:extension:credBlob: true, webauthn:extension:largeBlob: true, webauthn:virtualAuthenticators: true}
Session ID: a5e55135bccf484b00e6b3001dac45b2
at org.openqa.selenium.remote.http.W3CHttpResponseCodec.createException(W3CHttpResponseCodec.java:187)
at org.openqa.selenium.remote.http.W3CHttpResponseCodec.decode(W3CHttpResponseCodec.java:122)
at org.openqa.selenium.remote.http.W3CHttpResponseCodec.decode(W3CHttpResponseCodec.java:49)
at org.openqa.selenium.remote.HttpCommandExecutor.execute(HttpCommandExecutor.java:158)
at org.openqa.selenium.remote.service.DriverCommandExecutor.execute(DriverCommandExecutor.java:83)
at org.openqa.selenium.remote.RemoteWebDriver.execute(RemoteWebDriver.java:552)
at org.openqa.selenium.remote.RemoteWebElement.execute(RemoteWebElement.java:285)
at org.openqa.selenium.remote.RemoteWebElement.click(RemoteWebElement.java:84)
at org.openqa.selenium.support.pagefactory.internal.LocatingElementHandler.invoke(LocatingElementHandler.java:51)
at jdk.proxy2/jdk.proxy2.$Proxy12.click(Unknown Source)
at com.Khanij.ObjectRepository.WB.CommonMethods.SubmitButtonMethod(CommonMethods.java:54)
at com.Khanij.WeighbridgeRegistration.Mandatory$Alphanumeric.CheckMandatoryForStampValidTo(Mandatory.java:312)
at java.base/java.util.ArrayList.forEach(ArrayList.java:1511)
... Removed 30 stack frames]]>
    </failure>
  </testcase> <!-- CheckMandatoryForStampValidTo -->
  <testcase classname="com.Khanij.WeighbridgeRegistration.Alphanumeric" name="WBStringReadFromHyperterminalTextFieldAlphanumericCheck" time="2.484"/>
  <testcase classname="com.Khanij.WeighbridgeRegistration.Mandatory$Alphanumeric" name="CheckMandatoryForWeighbridgeMake" time="22.723">
    <failure type="org.openqa.selenium.ElementClickInterceptedException" message="element click intercepted: Element &amp;lt;input id=&amp;quot;btnSaveWB&amp;quot; type=&amp;quot;button&amp;quot; value=&amp;quot;SAVE&amp;quot; class=&amp;quot;btn btn-success&amp;quot;&amp;gt; is not clickable at point (362, 594). Other element would receive the click: &amp;lt;div class=&amp;quot;swal-overlay swal-overlay--show-modal&amp;quot; tabindex=&amp;quot;-1&amp;quot;&amp;gt;...&amp;lt;/div&amp;gt;
  (Session info: chrome=108.0.5359.125)
Build info: version: &amp;apos;3.141.59&amp;apos;, revision: &amp;apos;e82be7d358&amp;apos;, time: &amp;apos;2018-11-14T08:17:03&amp;apos;
System info: host: &amp;apos;CSMBHUL815&amp;apos;, ip: &amp;apos;192.168.61.249&amp;apos;, os.name: &amp;apos;Windows 10&amp;apos;, os.arch: &amp;apos;amd64&amp;apos;, os.version: &amp;apos;10.0&amp;apos;, java.version: &amp;apos;18.0.2&amp;apos;
Driver info: org.openqa.selenium.chrome.ChromeDriver
Capabilities {acceptInsecureCerts: false, browserName: chrome, browserVersion: 108.0.5359.125, chrome: {chromedriverVersion: 108.0.5359.71 (1e0e3868ee06..., userDataDir: C:\Users\GAYATR~1.RAT\AppDa...}, goog:chromeOptions: {debuggerAddress: localhost:64301}, javascriptEnabled: true, networkConnectionEnabled: false, pageLoadStrategy: normal, platform: WINDOWS, platformName: WINDOWS, proxy: Proxy(), setWindowRect: true, strictFileInteractability: false, timeouts: {implicit: 0, pageLoad: 300000, script: 30000}, unhandledPromptBehavior: dismiss and notify, webauthn:extension:credBlob: true, webauthn:extension:largeBlob: true, webauthn:virtualAuthenticators: true}
Session ID: a5e55135bccf484b00e6b3001dac45b2">
      <![CDATA[org.openqa.selenium.ElementClickInterceptedException: element click intercepted: Element <input id="btnSaveWB" type="button" value="SAVE" class="btn btn-success"> is not clickable at point (362, 594). Other element would receive the click: <div class="swal-overlay swal-overlay--show-modal" tabindex="-1">...</div>
  (Session info: chrome=108.0.5359.125)
Build info: version: '3.141.59', revision: 'e82be7d358', time: '2018-11-14T08:17:03'
System info: host: 'CSMBHUL815', ip: '192.168.61.249', os.name: 'Windows 10', os.arch: 'amd64', os.version: '10.0', java.version: '18.0.2'
Driver info: org.openqa.selenium.chrome.ChromeDriver
Capabilities {acceptInsecureCerts: false, browserName: chrome, browserVersion: 108.0.5359.125, chrome: {chromedriverVersion: 108.0.5359.71 (1e0e3868ee06..., userDataDir: C:\Users\GAYATR~1.RAT\AppDa...}, goog:chromeOptions: {debuggerAddress: localhost:64301}, javascriptEnabled: true, networkConnectionEnabled: false, pageLoadStrategy: normal, platform: WINDOWS, platformName: WINDOWS, proxy: Proxy(), setWindowRect: true, strictFileInteractability: false, timeouts: {implicit: 0, pageLoad: 300000, script: 30000}, unhandledPromptBehavior: dismiss and notify, webauthn:extension:credBlob: true, webauthn:extension:largeBlob: true, webauthn:virtualAuthenticators: true}
Session ID: a5e55135bccf484b00e6b3001dac45b2
at org.openqa.selenium.remote.http.W3CHttpResponseCodec.createException(W3CHttpResponseCodec.java:187)
at org.openqa.selenium.remote.http.W3CHttpResponseCodec.decode(W3CHttpResponseCodec.java:122)
at org.openqa.selenium.remote.http.W3CHttpResponseCodec.decode(W3CHttpResponseCodec.java:49)
at org.openqa.selenium.remote.HttpCommandExecutor.execute(HttpCommandExecutor.java:158)
at org.openqa.selenium.remote.service.DriverCommandExecutor.execute(DriverCommandExecutor.java:83)
at org.openqa.selenium.remote.RemoteWebDriver.execute(RemoteWebDriver.java:552)
at org.openqa.selenium.remote.RemoteWebElement.execute(RemoteWebElement.java:285)
at org.openqa.selenium.remote.RemoteWebElement.click(RemoteWebElement.java:84)
at org.openqa.selenium.support.pagefactory.internal.LocatingElementHandler.invoke(LocatingElementHandler.java:51)
at jdk.proxy2/jdk.proxy2.$Proxy12.click(Unknown Source)
at com.Khanij.ObjectRepository.WB.CommonMethods.SubmitButtonMethod(CommonMethods.java:54)
at com.Khanij.WeighbridgeRegistration.Mandatory$Alphanumeric.CheckMandatoryForWeighbridgeMake(Mandatory.java:354)
at java.base/java.util.ArrayList.forEach(ArrayList.java:1511)
... Removed 30 stack frames]]>
    </failure>
  </testcase> <!-- CheckMandatoryForWeighbridgeMake -->
  <testcase classname="com.Khanij.WeighbridgeRegistration.Alphanumeric" name="WBPoint1LatitudeTextFieldAlphanumericCheck" time="2.475"/>
  <testcase classname="com.Khanij.WeighbridgeRegistration.Mandatory$Alphanumeric" name="CheckMandatoryForWeighbridgeModel" time="23.82"/>
  <testcase classname="com.Khanij.WeighbridgeRegistration.Alphanumeric" name="WBPoint1LongitudeTextFieldAlphanumericCheck" time="2.456"/>
  <testcase classname="com.Khanij.WeighbridgeRegistration.Mandatory$Alphanumeric" name="CheckMandatoryForModelBaudRate" time="25.064"/>
  <testcase classname="com.Khanij.WeighbridgeRegistration.Alphanumeric" name="WBPoint2LatitudeTextFieldAlphanumericCheck" time="2.459"/>
  <testcase classname="com.Khanij.WeighbridgeRegistration.Mandatory$Alphanumeric" name="CheckMandatoryForDataBit" time="25.65"/>
  <testcase classname="com.Khanij.WeighbridgeRegistration.Mandatory$Alphanumeric" name="CheckMandatoryForStopBit" time="26.668"/>
  <testcase classname="com.Khanij.WeighbridgeRegistration.Alphanumeric" name="WBPoint2LongitudeTextFieldAlphanumericCheck" time="2.476"/>
  <testcase classname="com.Khanij.WeighbridgeRegistration.Mandatory$Alphanumeric" name="CheckMandatoryForParity" time="27.665"/>
  <testcase classname="com.Khanij.WeighbridgeRegistration.Alphanumeric" name="WBPoint3LatitudeTextFieldAlphanumericCheck" time="2.47"/>
  <testcase classname="com.Khanij.WeighbridgeRegistration.Mandatory$Alphanumeric" name="CheckMandatoryForStringReadFromHyperterminal" time="28.169"/>
  <testcase classname="com.Khanij.WeighbridgeRegistration.Mandatory$Alphanumeric" name="CheckMandatoryForPoint1Latitude" time="28.766"/>
  <testcase classname="com.Khanij.WeighbridgeRegistration.Alphanumeric" name="WBPoint3LongitudeTextFieldAlphanumericCheck" time="2.535"/>
  <testcase classname="com.Khanij.WeighbridgeRegistration.Mandatory$Alphanumeric" name="CheckMandatoryForPoint1Longitude" time="29.964"/>
  <testcase classname="com.Khanij.WeighbridgeRegistration.Alphanumeric" name="WBPoint4LatitudeTextFieldAlphanumericCheck" time="2.519"/>
  <testcase classname="com.Khanij.WeighbridgeRegistration.Mandatory$Alphanumeric" name="CheckMandatoryForPoint2Latitude" time="30.666"/>
  <testcase classname="com.Khanij.WeighbridgeRegistration.Alphanumeric" name="WBPoint4LongitudeTextFieldAlphanumericCheck" time="2.534"/>
  <testcase classname="com.Khanij.WeighbridgeRegistration.Duplicate" name="loginPageOpen" time="190.275"/>
  <testcase classname="com.Khanij.WeighbridgeRegistration.Duplicate" name="CheckDuplicateNotAllowForWBName" time="56.639">
    <failure type="org.openqa.selenium.NoSuchElementException" message="no such element: Unable to locate element: {&amp;quot;method&amp;quot;:&amp;quot;xpath&amp;quot;,&amp;quot;selector&amp;quot;:&amp;quot;//button[contains(text(),&amp;apos;Yes&amp;apos;)]&amp;quot;}
  (Session info: chrome=108.0.5359.125)
For documentation on this error, please visit: https://www.seleniumhq.org/exceptions/no_such_element.html
Build info: version: &amp;apos;3.141.59&amp;apos;, revision: &amp;apos;e82be7d358&amp;apos;, time: &amp;apos;2018-11-14T08:17:03&amp;apos;
System info: host: &amp;apos;CSMBHUL815&amp;apos;, ip: &amp;apos;192.168.61.249&amp;apos;, os.name: &amp;apos;Windows 10&amp;apos;, os.arch: &amp;apos;amd64&amp;apos;, os.version: &amp;apos;10.0&amp;apos;, java.version: &amp;apos;18.0.2&amp;apos;
Driver info: org.openqa.selenium.chrome.ChromeDriver
Capabilities {acceptInsecureCerts: false, browserName: chrome, browserVersion: 108.0.5359.125, chrome: {chromedriverVersion: 108.0.5359.71 (1e0e3868ee06..., userDataDir: C:\Users\GAYATR~1.RAT\AppDa...}, goog:chromeOptions: {debuggerAddress: localhost:64347}, javascriptEnabled: true, networkConnectionEnabled: false, pageLoadStrategy: normal, platform: WINDOWS, platformName: WINDOWS, proxy: Proxy(), setWindowRect: true, strictFileInteractability: false, timeouts: {implicit: 0, pageLoad: 300000, script: 30000}, unhandledPromptBehavior: dismiss and notify, webauthn:extension:credBlob: true, webauthn:extension:largeBlob: true, webauthn:virtualAuthenticators: true}
Session ID: eb5cb8807cc4d5a2c4d33ba882e6e6d6
*** Element info: {Using=xpath, value=//button[contains(text(),&amp;apos;Yes&amp;apos;)]}">
      <![CDATA[org.openqa.selenium.NoSuchElementException: no such element: Unable to locate element: {"method":"xpath","selector":"//button[contains(text(),'Yes')]"}
  (Session info: chrome=108.0.5359.125)
For documentation on this error, please visit: https://www.seleniumhq.org/exceptions/no_such_element.html
Build info: version: '3.141.59', revision: 'e82be7d358', time: '2018-11-14T08:17:03'
System info: host: 'CSMBHUL815', ip: '192.168.61.249', os.name: 'Windows 10', os.arch: 'amd64', os.version: '10.0', java.version: '18.0.2'
Driver info: org.openqa.selenium.chrome.ChromeDriver
Capabilities {acceptInsecureCerts: false, browserName: chrome, browserVersion: 108.0.5359.125, chrome: {chromedriverVersion: 108.0.5359.71 (1e0e3868ee06..., userDataDir: C:\Users\GAYATR~1.RAT\AppDa...}, goog:chromeOptions: {debuggerAddress: localhost:64347}, javascriptEnabled: true, networkConnectionEnabled: false, pageLoadStrategy: normal, platform: WINDOWS, platformName: WINDOWS, proxy: Proxy(), setWindowRect: true, strictFileInteractability: false, timeouts: {implicit: 0, pageLoad: 300000, script: 30000}, unhandledPromptBehavior: dismiss and notify, webauthn:extension:credBlob: true, webauthn:extension:largeBlob: true, webauthn:virtualAuthenticators: true}
Session ID: eb5cb8807cc4d5a2c4d33ba882e6e6d6
*** Element info: {Using=xpath, value=//button[contains(text(),'Yes')]}
at org.openqa.selenium.remote.http.W3CHttpResponseCodec.createException(W3CHttpResponseCodec.java:187)
at org.openqa.selenium.remote.http.W3CHttpResponseCodec.decode(W3CHttpResponseCodec.java:122)
at org.openqa.selenium.remote.http.W3CHttpResponseCodec.decode(W3CHttpResponseCodec.java:49)
at org.openqa.selenium.remote.HttpCommandExecutor.execute(HttpCommandExecutor.java:158)
at org.openqa.selenium.remote.service.DriverCommandExecutor.execute(DriverCommandExecutor.java:83)
at org.openqa.selenium.remote.RemoteWebDriver.execute(RemoteWebDriver.java:552)
at org.openqa.selenium.remote.RemoteWebDriver.findElement(RemoteWebDriver.java:323)
at org.openqa.selenium.remote.RemoteWebDriver.findElementByXPath(RemoteWebDriver.java:428)
at org.openqa.selenium.By$ByXPath.findElement(By.java:353)
at org.openqa.selenium.remote.RemoteWebDriver.findElement(RemoteWebDriver.java:315)
at org.openqa.selenium.support.pagefactory.DefaultElementLocator.findElement(DefaultElementLocator.java:69)
at org.openqa.selenium.support.pagefactory.internal.LocatingElementHandler.invoke(LocatingElementHandler.java:38)
at jdk.proxy2/jdk.proxy2.$Proxy12.click(Unknown Source)
at com.Khanij.ObjectRepository.WB.CommonMethods.PopupYesMethod(CommonMethods.java:64)
at com.Khanij.WeighbridgeRegistration.Duplicate.CheckDuplicateNotAllowForWBName(Duplicate.java:58)
at java.base/java.util.ArrayList.forEach(ArrayList.java:1511)
... Removed 28 stack frames]]>
    </failure>
  </testcase> <!-- CheckDuplicateNotAllowForWBName -->
  <testcase classname="com.Khanij.WeighbridgeRegistration.Length" name="loginPageOpen" time="133.183"/>
  <testcase classname="com.Khanij.WeighbridgeRegistration.Length" name="SPNameLengthCheck" time="2.702"/>
  <testcase classname="com.Khanij.WeighbridgeRegistration.Length" name="WBNameTextFieldLengthCheck" time="2.749"/>
  <testcase classname="com.Khanij.WeighbridgeRegistration.Length" name="SPCNOTextFieldLengthCheck" time="2.698"/>
  <testcase classname="com.Khanij.WeighbridgeRegistration.Length" name="CapacityNameTextFieldLengthCheck" time="2.682"/>
  <testcase classname="com.Khanij.WeighbridgeRegistration.Length" name="AreaOfLandTextFieldLengthCheck" time="1.995"/>
  <testcase classname="com.Khanij.WeighbridgeRegistration.Length" name="WBModelBaudRateTextFieldLengthCheck" time="2.711"/>
  <testcase classname="com.Khanij.WeighbridgeRegistration.Length" name="WBDataBitTextFieldLengthCheck" time="2.694"/>
  <testcase classname="com.Khanij.WeighbridgeRegistration.Length" name="WBStopBitTextFieldLengthCheck" time="2.673"/>
  <testcase classname="com.Khanij.WeighbridgeRegistration.Length" name="WBParityTextFieldLengthCheck" time="2.72"/>
  <testcase classname="com.Khanij.WeighbridgeRegistration.Length" name="WBStringReadFromHyperterminalTextFieldLengthCheck" time="2.691"/>
  <testcase classname="com.Khanij.WeighbridgeRegistration.Length" name="WBPoint1LatitudeTextFieldLengthCheck" time="2.706"/>
  <testcase classname="com.Khanij.WeighbridgeRegistration.Length" name="WBPoint1LongitudeTextFieldLengthCheck" time="2.645"/>
  <testcase classname="com.Khanij.WeighbridgeRegistration.Length" name="WBPoint2LatitudeTextFieldLengthCheck" time="2.657"/>
  <testcase classname="com.Khanij.WeighbridgeRegistration.Length" name="WBPoint2LongitudeTextFieldLengthCheck" time="2.657"/>
  <testcase classname="com.Khanij.WeighbridgeRegistration.Length" name="WBPoint3LatitudeTextFieldLengthCheck" time="2.67"/>
  <testcase classname="com.Khanij.WeighbridgeRegistration.Length" name="WBPoint3LongitudeTextFieldLengthCheck" time="2.687"/>
  <testcase classname="com.Khanij.WeighbridgeRegistration.Length" name="WBPoint4LatitudeTextFieldLengthCheck" time="2.685"/>
  <testcase classname="com.Khanij.WeighbridgeRegistration.Length" name="WBPoint4LongitudeTextFieldLengthCheck" time="2.658"/>
  <testcase classname="com.Khanij.WeighbridgeRegistration.SpecialChar" name="loginPageOpen" time="28.371"/>
  <testcase classname="com.Khanij.WeighbridgeRegistration.SpecialChar" name="WBNameTextFieldSpecialCharCheck" time="2.402"/>
  <testcase classname="com.Khanij.WeighbridgeRegistration.SpecialChar" name="SPNameTextFieldSpecialCharCheck" time="2.469"/>
  <testcase classname="com.Khanij.WeighbridgeRegistration.SpecialChar" name="SPCNameTextFieldSpecialCharCheck" time="2.488"/>
  <testcase classname="com.Khanij.WeighbridgeRegistration.SpecialChar" name="CapacityNameTextFieldSpecialCharCheck" time="2.468"/>
  <testcase classname="com.Khanij.WeighbridgeRegistration.SpecialChar" name="AreaOfLandTextFieldSpecialCharCheck" time="2.463"/>
  <testcase classname="com.Khanij.WeighbridgeRegistration.SpecialChar" name="WBModelBaudRateTextFieldSpecialCharCheck" time="2.453"/>
  <testcase classname="com.Khanij.WeighbridgeRegistration.SpecialChar" name="WBDataBitTextFieldSpecialCharCheck" time="2.456"/>
  <testcase classname="com.Khanij.WeighbridgeRegistration.SpecialChar" name="WBStopBitTextFieldSpecialCharCheck" time="2.503"/>
  <testcase classname="com.Khanij.WeighbridgeRegistration.SpecialChar" name="WBParityTextFieldSpecialCharCheck" time="2.478"/>
  <testcase classname="com.Khanij.WeighbridgeRegistration.SpecialChar" name="WBStringReadFromHyperterminalTextFieldSpecialCharCheck" time="2.493"/>
  <testcase classname="com.Khanij.WeighbridgeRegistration.SpecialChar" name="WBPoint1LatitudeTextFieldSpecialCharCheck" time="2.489"/>
  <testcase classname="com.Khanij.WeighbridgeRegistration.SpecialChar" name="WBPoint1LongitudeTextFieldSpecialCharCheck" time="2.496"/>
  <testcase classname="com.Khanij.WeighbridgeRegistration.SpecialChar" name="WBPoint2LatitudeTextFieldSpecialCharCheck" time="2.488"/>
  <testcase classname="com.Khanij.WeighbridgeRegistration.SpecialChar" name="WBPoint2LongitudeTextFieldSpecialCharCheck" time="2.491"/>
  <testcase classname="com.Khanij.WeighbridgeRegistration.SpecialChar" name="WBPoint3LatitudeTextFieldSpecialCharCheck" time="2.473"/>
  <testcase classname="com.Khanij.WeighbridgeRegistration.SpecialChar" name="WBPoint3LongitudeTextFieldSpecialCharCheck" time="2.463"/>
  <testcase classname="com.Khanij.WeighbridgeRegistration.SpecialChar" name="WBPoint4LatitudeTextFieldSpecialCharCheck" time="2.466"/>
  <testcase classname="com.Khanij.WeighbridgeRegistration.Mandatory$Alphanumeric" name="CheckMandatoryForPoint2Longitude" time="32.291"/>
  <testcase classname="com.Khanij.WeighbridgeRegistration.SpecialChar" name="WBPoint4LongitudeTextFieldSpecialCharCheck" time="2.92"/>
  <testcase classname="com.Khanij.WeighbridgeRegistration.SqlChar" name="loginPageOpen" time="29.654"/>
  <testcase classname="com.Khanij.WeighbridgeRegistration.SqlChar" name="WBNameTextFieldSpecialCharCheck" time="2.412"/>
  <testcase classname="com.Khanij.WeighbridgeRegistration.SqlChar" name="SPNameTextFieldSpecialCharCheck" time="2.462"/>
  <testcase classname="com.Khanij.WeighbridgeRegistration.SqlChar" name="SPCNameTextFieldSpecialCharCheck" time="2.465"/>
  <testcase classname="com.Khanij.WeighbridgeRegistration.SqlChar" name="CapacityNameTextFieldSpecialCharCheck" time="2.512"/>
  <testcase classname="com.Khanij.WeighbridgeRegistration.SqlChar" name="AreaOfLandTextFieldSpecialCharCheck" time="2.55"/>
  <testcase classname="com.Khanij.WeighbridgeRegistration.SqlChar" name="WBModelBaudRateTextFieldSpecialCharCheck" time="2.532"/>
  <testcase classname="com.Khanij.WeighbridgeRegistration.SqlChar" name="WBDataBitTextFieldSpecialCharCheck" time="2.509"/>
  <testcase classname="com.Khanij.WeighbridgeRegistration.SqlChar" name="WBStopBitTextFieldSpecialCharCheck" time="2.524"/>
  <testcase classname="com.Khanij.WeighbridgeRegistration.SqlChar" name="WBParityTextFieldSpecialCharCheck" time="2.513"/>
  <testcase classname="com.Khanij.WeighbridgeRegistration.SqlChar" name="WBStringReadFromHyperterminalTextFieldSpecialCharCheck" time="2.538"/>
  <testcase classname="com.Khanij.WeighbridgeRegistration.SqlChar" name="WBPoint1LatitudeTextFieldSpecialCharCheck" time="2.512"/>
  <testcase classname="com.Khanij.WeighbridgeRegistration.SqlChar" name="WBPoint1LongitudeTextFieldSpecialCharCheck" time="2.513"/>
  <testcase classname="com.Khanij.WeighbridgeRegistration.SqlChar" name="WBPoint2LatitudeTextFieldSpecialCharCheck" time="2.527"/>
  <testcase classname="com.Khanij.WeighbridgeRegistration.SqlChar" name="WBPoint2LongitudeTextFieldSpecialCharCheck" time="2.544"/>
  <testcase classname="com.Khanij.WeighbridgeRegistration.SqlChar" name="WBPoint3LatitudeTextFieldSpecialCharCheck" time="2.521"/>
  <testcase classname="com.Khanij.WeighbridgeRegistration.SqlChar" name="WBPoint3LongitudeTextFieldSpecialCharCheck" time="2.509"/>
  <testcase classname="com.Khanij.WeighbridgeRegistration.SqlChar" name="WBPoint4LatitudeTextFieldSpecialCharCheck" time="2.519"/>
  <testcase classname="com.Khanij.WeighbridgeRegistration.SqlChar" name="WBPoint4LongitudeTextFieldSpecialCharCheck" time="2.507"/>
  <testcase classname="com.Khanij.WeighbridgeRegistration.WhiteSpace" name="loginPageOpen" time="31.261"/>
  <testcase classname="com.Khanij.WeighbridgeRegistration.WhiteSpace" name="WBNameTextFieldWhitespaceCheck" time="5.263"/>
  <testcase classname="com.Khanij.WeighbridgeRegistration.WhiteSpace" name="SPNameTextFieldWhitespaceCheck" time="5.428"/>
  <testcase classname="com.Khanij.WeighbridgeRegistration.WhiteSpace" name="SPCNameTextFieldWhitespaceCheck" time="5.313"/>
  <testcase classname="com.Khanij.WeighbridgeRegistration.WhiteSpace" name="CapacityNameTextFieldWhitespaceCheck" time="5.287"/>
  <testcase classname="com.Khanij.WeighbridgeRegistration.WhiteSpace" name="AreaOfLandTextFieldWhitespaceCheck" time="5.357"/>
  <testcase classname="com.Khanij.WeighbridgeRegistration.WhiteSpace" name="WBModelBaudRateTextFieldWhitespaceCheck" time="5.355"/>
  <testcase classname="com.Khanij.WeighbridgeRegistration.WhiteSpace" name="WBDataBitTextFieldWhitespaceCheck" time="5.37"/>
  <testcase classname="com.Khanij.WeighbridgeRegistration.WhiteSpace" name="WBStopBitTextFieldWhitespaceCheck" time="5.924"/>
  <testcase classname="com.Khanij.WeighbridgeRegistration.WhiteSpace" name="WBParityTextFieldWhitespaceCheck" time="5.595"/>
  <testcase classname="com.Khanij.WeighbridgeRegistration.WhiteSpace" name="WBStringReadFromHyperterminalTextFieldWhitespaceCheck" time="5.676"/>
  <testcase classname="com.Khanij.WeighbridgeRegistration.WhiteSpace" name="WBPoint1LatitudeTextFieldWhitespaceCheck" time="5.494"/>
  <testcase classname="com.Khanij.WeighbridgeRegistration.WhiteSpace" name="WBPoint1LongitudeTextFieldWhitespaceCheck" time="6.015"/>
  <testcase classname="com.Khanij.WeighbridgeRegistration.WhiteSpace" name="WBPoint2LatitudeTextFieldWhitespaceCheck" time="5.432"/>
  <testcase classname="com.Khanij.WeighbridgeRegistration.WhiteSpace" name="WBPoint2LongitudeTextFieldWhitespaceCheck" time="5.469"/>
  <testcase classname="com.Khanij.WeighbridgeRegistration.WhiteSpace" name="WBPoint3LatitudeTextFieldWhitespaceCheck" time="5.327"/>
  <testcase classname="com.Khanij.WeighbridgeRegistration.WhiteSpace" name="WBPoint3LongitudeTextFieldWhitespaceCheck" time="5.387"/>
  <testcase classname="com.Khanij.WeighbridgeRegistration.WhiteSpace" name="WBPoint4LatitudeTextFieldWhitespaceCheck" time="5.415"/>
  <testcase classname="com.Khanij.WeighbridgeRegistration.WhiteSpace" name="WBPoint4LongitudeTextFieldWhitespaceCheck" time="5.967"/>
  <testcase classname="com.Khanij.WeighbridgeRegistration.Mandatory$Alphanumeric" name="CheckMandatoryForPoint3Latitude" time="33.428"/>
  <testcase classname="com.Khanij.WeighbridgeRegistration.Mandatory$Alphanumeric" name="CheckMandatoryForPoint3Longitude" time="34.18"/>
  <testcase classname="com.Khanij.WeighbridgeRegistration.Mandatory$Alphanumeric" name="CheckMandatoryForPoint4Latitude" time="34.903"/>
  <testcase classname="com.Khanij.WeighbridgeRegistration.Mandatory$Alphanumeric" name="CheckMandatoryForPoint4Longitude" time="35.516"/>
</testsuite> <!-- Test -->
