<?xml version="1.0" encoding="UTF-8"?>
<!-- Generated by org.testng.reporters.JUnitReportReporter -->
<testsuite hostname="CSMBHUL815" failures="0" tests="10" name="com.Khanij.VehicleOwnerRegistration.Alphanumeric" time="0.007" errors="1" timestamp="2022-12-05T15:55:56 IST" skipped="9">
  <testcase classname="com.Khanij.VehicleOwnerRegistration.Alphanumeric" name="openBrowser" time="0.007">
    <error message="org/apache/hc/core5/http/ClassicHttpRequest" type="java.lang.NoClassDefFoundError">
      <![CDATA[java.lang.NoClassDefFoundError: org/apache/hc/core5/http/ClassicHttpRequest
at com.Khanij.GenericLibrary.BaseTest.openBrowser(BaseTest.java:21)
at java.base/jdk.internal.reflect.DirectMethodHandleAccessor.invoke(DirectMethodHandleAccessor.java:104)
at java.base/java.lang.reflect.Method.invoke(Method.java:577)
at org.testng.internal.MethodInvocationHelper.invokeMethod(MethodInvocationHelper.java:133)
at org.testng.internal.MethodInvocationHelper.invokeMethodConsideringTimeout(MethodInvocationHelper.java:62)
at org.testng.internal.ConfigInvoker.invokeConfigurationMethod(ConfigInvoker.java:385)
at org.testng.internal.ConfigInvoker.invokeConfigurations(ConfigInvoker.java:321)
at org.testng.internal.TestMethodWorker.invokeBeforeClassMethods(TestMethodWorker.java:176)
at org.testng.internal.TestMethodWorker.run(TestMethodWorker.java:122)
at java.base/java.util.ArrayList.forEach(ArrayList.java:1511)
at org.testng.TestRunner.privateRun(TestRunner.java:794)
at org.testng.TestRunner.run(TestRunner.java:596)
at org.testng.SuiteRunner.runTest(SuiteRunner.java:377)
at org.testng.SuiteRunner.runSequentially(SuiteRunner.java:371)
at org.testng.SuiteRunner.privateRun(SuiteRunner.java:332)
at org.testng.SuiteRunner.run(SuiteRunner.java:276)
at org.testng.SuiteRunnerWorker.runSuite(SuiteRunnerWorker.java:53)
at org.testng.SuiteRunnerWorker.run(SuiteRunnerWorker.java:96)
at org.testng.TestNG.runSuitesSequentially(TestNG.java:1212)
at org.testng.TestNG.runSuitesLocally(TestNG.java:1134)
at org.testng.TestNG.runSuites(TestNG.java:1063)
at org.testng.TestNG.run(TestNG.java:1031)
at org.testng.remote.AbstractRemoteTestNG.run(AbstractRemoteTestNG.java:115)
at org.testng.remote.RemoteTestNG.initAndRun(RemoteTestNG.java:251)
at org.testng.remote.RemoteTestNG.main(RemoteTestNG.java:77)
Caused by: java.lang.ClassNotFoundException: org.apache.hc.core5.http.ClassicHttpRequest
at java.base/jdk.internal.loader.BuiltinClassLoader.loadClass(BuiltinClassLoader.java:641)
at java.base/jdk.internal.loader.ClassLoaders$AppClassLoader.loadClass(ClassLoaders.java:188)
at java.base/java.lang.ClassLoader.loadClass(ClassLoader.java:521)
... 25 more
]]>
    </error>
  </testcase> <!-- openBrowser -->
  <system-out/>
  <testcase classname="com.Khanij.VehicleOwnerRegistration.Alphanumeric" name="loginPageOpen" time="0.000">
    <skipped/>
  </testcase> <!-- loginPageOpen -->
  <system-out/>
  <testcase classname="com.Khanij.VehicleOwnerRegistration.Alphanumeric" name="AadhaarNumberTextFieldAlphanumericCheck" time="0.000">
    <skipped/>
  </testcase> <!-- AadhaarNumberTextFieldAlphanumericCheck -->
  <system-out/>
  <testcase classname="com.Khanij.VehicleOwnerRegistration.Alphanumeric" name="NameOfTheApplicantTextFieldAlphanumericCheck" time="0.000">
    <skipped/>
  </testcase> <!-- NameOfTheApplicantTextFieldAlphanumericCheck -->
  <system-out/>
  <testcase classname="com.Khanij.VehicleOwnerRegistration.Alphanumeric" name="MobileNumberTextFieldAlphanumericCheck" time="0.000">
    <skipped/>
  </testcase> <!-- MobileNumberTextFieldAlphanumericCheck -->
  <system-out/>
  <testcase classname="com.Khanij.VehicleOwnerRegistration.Alphanumeric" name="WeighbridgeNameTextFieldAlphanumericCheck" time="0.000">
    <skipped/>
  </testcase> <!-- WeighbridgeNameTextFieldAlphanumericCheck -->
  <system-out/>
  <testcase classname="com.Khanij.VehicleOwnerRegistration.Alphanumeric" name="PinCodeNumberTextFieldAlphanumericCheck" time="0.000">
    <skipped/>
  </testcase> <!-- PinCodeNumberTextFieldAlphanumericCheck -->
  <system-out/>
  <testcase classname="com.Khanij.VehicleOwnerRegistration.Alphanumeric" name="CompleteAddressTextFieldAlphanumericCheck" time="0.000">
    <skipped/>
  </testcase> <!-- CompleteAddressTextFieldAlphanumericCheck -->
  <system-out/>
  <testcase classname="com.Khanij.VehicleOwnerRegistration.Alphanumeric" name="EnterEmailIDTextFieldAlphanumericCheck" time="0.000">
    <skipped/>
  </testcase> <!-- EnterEmailIDTextFieldAlphanumericCheck -->
  <system-out/>
  <testcase classname="com.Khanij.VehicleOwnerRegistration.Alphanumeric" name="AnswerTextFieldAlphanumericCheck" time="0.000">
    <skipped/>
  </testcase> <!-- AnswerTextFieldAlphanumericCheck -->
  <system-out/>
</testsuite> <!-- com.Khanij.VehicleOwnerRegistration.Alphanumeric -->
