<?xml version="1.0" encoding="UTF-8"?>
<!-- Generated by org.testng.reporters.JUnitReportReporter -->
<testsuite hostname="CSMBHUL815" failures="0" tests="26" name="com.Khanij.WeighbridgeRegistration.Mandatory$Alphanumeric" time="583.263" errors="2" timestamp="2022-12-29T15:52:54 IST" skipped="0">
  <testcase classname="com.Khanij.WeighbridgeRegistration.Mandatory$Alphanumeric" name="loginPageOpen" time="28.478"/>
  <system-out/>
  <testcase classname="com.Khanij.WeighbridgeRegistration.Mandatory$Alphanumeric" name="CheckMandatoryForWeighbridgeName" time="6.597"/>
  <system-out/>
  <testcase classname="com.Khanij.WeighbridgeRegistration.Mandatory$Alphanumeric" name="CheckMandatoryForsupervisorname" time="6.711"/>
  <system-out/>
  <testcase classname="com.Khanij.WeighbridgeRegistration.Mandatory$Alphanumeric" name="CheckMandatoryForsupervisorContact" time="8.143"/>
  <system-out/>
  <testcase classname="com.Khanij.WeighbridgeRegistration.Mandatory$Alphanumeric" name="CheckMandatoryForCapacity" time="9.411"/>
  <system-out/>
  <testcase classname="com.Khanij.WeighbridgeRegistration.Mandatory$Alphanumeric" name="CheckMandatoryForAreaType" time="10.163"/>
  <system-out/>
  <testcase classname="com.Khanij.WeighbridgeRegistration.Mandatory$Alphanumeric" name="CheckMandatoryForAreaOfLand" time="12.923"/>
  <system-out/>
  <testcase classname="com.Khanij.WeighbridgeRegistration.Mandatory$Alphanumeric" name="CheckMandatoryForLocation" time="12.928"/>
  <system-out/>
  <testcase classname="com.Khanij.WeighbridgeRegistration.Mandatory$Alphanumeric" name="CheckMandatoryForUploadStampCopy" time="14.728"/>
  <system-out/>
  <testcase classname="com.Khanij.WeighbridgeRegistration.Mandatory$Alphanumeric" name="CheckMandatoryForStampValidFrom" time="14.704"/>
  <system-out/>
  <testcase classname="com.Khanij.WeighbridgeRegistration.Mandatory$Alphanumeric" name="CheckMandatoryForStampValidTo" time="19.004">
    <error message="element click intercepted: Element &lt;input id=&quot;btnSaveWB&quot; type=&quot;button&quot; value=&quot;SAVE&quot; class=&quot;btn btn-success&quot;&gt; is not clickable at point (362, 594). Other element would receive the click: &lt;div class=&quot;swal-overlay swal-overlay--show-modal&quot; tabindex=&quot;-1&quot;&gt;...&lt;/div&gt;
  (Session info: chrome=108.0.5359.125)
Build info: version: &#039;3.141.59&#039;, revision: &#039;e82be7d358&#039;, time: &#039;2018-11-14T08:17:03&#039;
System info: host: &#039;CSMBHUL815&#039;, ip: &#039;192.168.61.249&#039;, os.name: &#039;Windows 10&#039;, os.arch: &#039;amd64&#039;, os.version: &#039;10.0&#039;, java.version: &#039;18.0.2&#039;
Driver info: org.openqa.selenium.chrome.ChromeDriver
Capabilities {acceptInsecureCerts: false, browserName: chrome, browserVersion: 108.0.5359.125, chrome: {chromedriverVersion: 108.0.5359.71 (1e0e3868ee06..., userDataDir: C:\Users\GAYATR~1.RAT\AppDa...}, goog:chromeOptions: {debuggerAddress: localhost:64301}, javascriptEnabled: true, networkConnectionEnabled: false, pageLoadStrategy: normal, platform: WINDOWS, platformName: WINDOWS, proxy: Proxy(), setWindowRect: true, strictFileInteractability: false, timeouts: {implicit: 0, pageLoad: 300000, script: 30000}, unhandledPromptBehavior: dismiss and notify, webauthn:extension:credBlob: true, webauthn:extension:largeBlob: true, webauthn:virtualAuthenticators: true}
Session ID: a5e55135bccf484b00e6b3001dac45b2" type="org.openqa.selenium.ElementClickInterceptedException">
      <![CDATA[org.openqa.selenium.ElementClickInterceptedException: element click intercepted: Element <input id="btnSaveWB" type="button" value="SAVE" class="btn btn-success"> is not clickable at point (362, 594). Other element would receive the click: <div class="swal-overlay swal-overlay--show-modal" tabindex="-1">...</div>
  (Session info: chrome=108.0.5359.125)
Build info: version: '3.141.59', revision: 'e82be7d358', time: '2018-11-14T08:17:03'
System info: host: 'CSMBHUL815', ip: '192.168.61.249', os.name: 'Windows 10', os.arch: 'amd64', os.version: '10.0', java.version: '18.0.2'
Driver info: org.openqa.selenium.chrome.ChromeDriver
Capabilities {acceptInsecureCerts: false, browserName: chrome, browserVersion: 108.0.5359.125, chrome: {chromedriverVersion: 108.0.5359.71 (1e0e3868ee06..., userDataDir: C:\Users\GAYATR~1.RAT\AppDa...}, goog:chromeOptions: {debuggerAddress: localhost:64301}, javascriptEnabled: true, networkConnectionEnabled: false, pageLoadStrategy: normal, platform: WINDOWS, platformName: WINDOWS, proxy: Proxy(), setWindowRect: true, strictFileInteractability: false, timeouts: {implicit: 0, pageLoad: 300000, script: 30000}, unhandledPromptBehavior: dismiss and notify, webauthn:extension:credBlob: true, webauthn:extension:largeBlob: true, webauthn:virtualAuthenticators: true}
Session ID: a5e55135bccf484b00e6b3001dac45b2
at java.base/jdk.internal.reflect.DirectConstructorHandleAccessor.newInstance(DirectConstructorHandleAccessor.java:67)
at java.base/java.lang.reflect.Constructor.newInstanceWithCaller(Constructor.java:499)
at java.base/java.lang.reflect.Constructor.newInstance(Constructor.java:483)
at org.openqa.selenium.remote.http.W3CHttpResponseCodec.createException(W3CHttpResponseCodec.java:187)
at org.openqa.selenium.remote.http.W3CHttpResponseCodec.decode(W3CHttpResponseCodec.java:122)
at org.openqa.selenium.remote.http.W3CHttpResponseCodec.decode(W3CHttpResponseCodec.java:49)
at org.openqa.selenium.remote.HttpCommandExecutor.execute(HttpCommandExecutor.java:158)
at org.openqa.selenium.remote.service.DriverCommandExecutor.execute(DriverCommandExecutor.java:83)
at org.openqa.selenium.remote.RemoteWebDriver.execute(RemoteWebDriver.java:552)
at org.openqa.selenium.remote.RemoteWebElement.execute(RemoteWebElement.java:285)
at org.openqa.selenium.remote.RemoteWebElement.click(RemoteWebElement.java:84)
at java.base/jdk.internal.reflect.DirectMethodHandleAccessor.invoke(DirectMethodHandleAccessor.java:104)
at java.base/java.lang.reflect.Method.invoke(Method.java:577)
at org.openqa.selenium.support.pagefactory.internal.LocatingElementHandler.invoke(LocatingElementHandler.java:51)
at jdk.proxy2/jdk.proxy2.$Proxy12.click(Unknown Source)
at com.Khanij.ObjectRepository.WB.CommonMethods.SubmitButtonMethod(CommonMethods.java:54)
at com.Khanij.WeighbridgeRegistration.Mandatory$Alphanumeric.CheckMandatoryForStampValidTo(Mandatory.java:312)
at java.base/jdk.internal.reflect.DirectMethodHandleAccessor.invoke(DirectMethodHandleAccessor.java:104)
at java.base/java.lang.reflect.Method.invoke(Method.java:577)
at org.testng.internal.MethodInvocationHelper.invokeMethod(MethodInvocationHelper.java:133)
at org.testng.internal.TestInvoker.invokeMethod(TestInvoker.java:598)
at org.testng.internal.TestInvoker.invokeTestMethod(TestInvoker.java:173)
at org.testng.internal.MethodRunner.runInSequence(MethodRunner.java:46)
at org.testng.internal.TestInvoker$MethodInvocationAgent.invoke(TestInvoker.java:824)
at org.testng.internal.TestInvoker.invokeTestMethods(TestInvoker.java:146)
at org.testng.internal.TestMethodWorker.invokeTestMethods(TestMethodWorker.java:146)
at org.testng.internal.TestMethodWorker.run(TestMethodWorker.java:128)
at java.base/java.util.ArrayList.forEach(ArrayList.java:1511)
at org.testng.TestRunner.privateRun(TestRunner.java:794)
at org.testng.TestRunner.run(TestRunner.java:596)
at org.testng.SuiteRunner.runTest(SuiteRunner.java:377)
at org.testng.SuiteRunner.runSequentially(SuiteRunner.java:371)
at org.testng.SuiteRunner.privateRun(SuiteRunner.java:332)
at org.testng.SuiteRunner.run(SuiteRunner.java:276)
at org.testng.SuiteRunnerWorker.runSuite(SuiteRunnerWorker.java:53)
at org.testng.SuiteRunnerWorker.run(SuiteRunnerWorker.java:96)
at org.testng.TestNG.runSuitesSequentially(TestNG.java:1212)
at org.testng.TestNG.runSuitesLocally(TestNG.java:1134)
at org.testng.TestNG.runSuites(TestNG.java:1063)
at org.testng.TestNG.run(TestNG.java:1031)
at org.testng.remote.AbstractRemoteTestNG.run(AbstractRemoteTestNG.java:115)
at org.testng.remote.RemoteTestNG.initAndRun(RemoteTestNG.java:251)
at org.testng.remote.RemoteTestNG.main(RemoteTestNG.java:77)
]]>
    </error>
  </testcase> <!-- CheckMandatoryForStampValidTo -->
  <system-out/>
  <testcase classname="com.Khanij.WeighbridgeRegistration.Mandatory$Alphanumeric" name="CheckMandatoryForWeighbridgeMake" time="22.723">
    <error message="element click intercepted: Element &lt;input id=&quot;btnSaveWB&quot; type=&quot;button&quot; value=&quot;SAVE&quot; class=&quot;btn btn-success&quot;&gt; is not clickable at point (362, 594). Other element would receive the click: &lt;div class=&quot;swal-overlay swal-overlay--show-modal&quot; tabindex=&quot;-1&quot;&gt;...&lt;/div&gt;
  (Session info: chrome=108.0.5359.125)
Build info: version: &#039;3.141.59&#039;, revision: &#039;e82be7d358&#039;, time: &#039;2018-11-14T08:17:03&#039;
System info: host: &#039;CSMBHUL815&#039;, ip: &#039;192.168.61.249&#039;, os.name: &#039;Windows 10&#039;, os.arch: &#039;amd64&#039;, os.version: &#039;10.0&#039;, java.version: &#039;18.0.2&#039;
Driver info: org.openqa.selenium.chrome.ChromeDriver
Capabilities {acceptInsecureCerts: false, browserName: chrome, browserVersion: 108.0.5359.125, chrome: {chromedriverVersion: 108.0.5359.71 (1e0e3868ee06..., userDataDir: C:\Users\GAYATR~1.RAT\AppDa...}, goog:chromeOptions: {debuggerAddress: localhost:64301}, javascriptEnabled: true, networkConnectionEnabled: false, pageLoadStrategy: normal, platform: WINDOWS, platformName: WINDOWS, proxy: Proxy(), setWindowRect: true, strictFileInteractability: false, timeouts: {implicit: 0, pageLoad: 300000, script: 30000}, unhandledPromptBehavior: dismiss and notify, webauthn:extension:credBlob: true, webauthn:extension:largeBlob: true, webauthn:virtualAuthenticators: true}
Session ID: a5e55135bccf484b00e6b3001dac45b2" type="org.openqa.selenium.ElementClickInterceptedException">
      <![CDATA[org.openqa.selenium.ElementClickInterceptedException: element click intercepted: Element <input id="btnSaveWB" type="button" value="SAVE" class="btn btn-success"> is not clickable at point (362, 594). Other element would receive the click: <div class="swal-overlay swal-overlay--show-modal" tabindex="-1">...</div>
  (Session info: chrome=108.0.5359.125)
Build info: version: '3.141.59', revision: 'e82be7d358', time: '2018-11-14T08:17:03'
System info: host: 'CSMBHUL815', ip: '192.168.61.249', os.name: 'Windows 10', os.arch: 'amd64', os.version: '10.0', java.version: '18.0.2'
Driver info: org.openqa.selenium.chrome.ChromeDriver
Capabilities {acceptInsecureCerts: false, browserName: chrome, browserVersion: 108.0.5359.125, chrome: {chromedriverVersion: 108.0.5359.71 (1e0e3868ee06..., userDataDir: C:\Users\GAYATR~1.RAT\AppDa...}, goog:chromeOptions: {debuggerAddress: localhost:64301}, javascriptEnabled: true, networkConnectionEnabled: false, pageLoadStrategy: normal, platform: WINDOWS, platformName: WINDOWS, proxy: Proxy(), setWindowRect: true, strictFileInteractability: false, timeouts: {implicit: 0, pageLoad: 300000, script: 30000}, unhandledPromptBehavior: dismiss and notify, webauthn:extension:credBlob: true, webauthn:extension:largeBlob: true, webauthn:virtualAuthenticators: true}
Session ID: a5e55135bccf484b00e6b3001dac45b2
at java.base/jdk.internal.reflect.DirectConstructorHandleAccessor.newInstance(DirectConstructorHandleAccessor.java:67)
at java.base/java.lang.reflect.Constructor.newInstanceWithCaller(Constructor.java:499)
at java.base/java.lang.reflect.Constructor.newInstance(Constructor.java:483)
at org.openqa.selenium.remote.http.W3CHttpResponseCodec.createException(W3CHttpResponseCodec.java:187)
at org.openqa.selenium.remote.http.W3CHttpResponseCodec.decode(W3CHttpResponseCodec.java:122)
at org.openqa.selenium.remote.http.W3CHttpResponseCodec.decode(W3CHttpResponseCodec.java:49)
at org.openqa.selenium.remote.HttpCommandExecutor.execute(HttpCommandExecutor.java:158)
at org.openqa.selenium.remote.service.DriverCommandExecutor.execute(DriverCommandExecutor.java:83)
at org.openqa.selenium.remote.RemoteWebDriver.execute(RemoteWebDriver.java:552)
at org.openqa.selenium.remote.RemoteWebElement.execute(RemoteWebElement.java:285)
at org.openqa.selenium.remote.RemoteWebElement.click(RemoteWebElement.java:84)
at java.base/jdk.internal.reflect.DirectMethodHandleAccessor.invoke(DirectMethodHandleAccessor.java:104)
at java.base/java.lang.reflect.Method.invoke(Method.java:577)
at org.openqa.selenium.support.pagefactory.internal.LocatingElementHandler.invoke(LocatingElementHandler.java:51)
at jdk.proxy2/jdk.proxy2.$Proxy12.click(Unknown Source)
at com.Khanij.ObjectRepository.WB.CommonMethods.SubmitButtonMethod(CommonMethods.java:54)
at com.Khanij.WeighbridgeRegistration.Mandatory$Alphanumeric.CheckMandatoryForWeighbridgeMake(Mandatory.java:354)
at java.base/jdk.internal.reflect.DirectMethodHandleAccessor.invoke(DirectMethodHandleAccessor.java:104)
at java.base/java.lang.reflect.Method.invoke(Method.java:577)
at org.testng.internal.MethodInvocationHelper.invokeMethod(MethodInvocationHelper.java:133)
at org.testng.internal.TestInvoker.invokeMethod(TestInvoker.java:598)
at org.testng.internal.TestInvoker.invokeTestMethod(TestInvoker.java:173)
at org.testng.internal.MethodRunner.runInSequence(MethodRunner.java:46)
at org.testng.internal.TestInvoker$MethodInvocationAgent.invoke(TestInvoker.java:824)
at org.testng.internal.TestInvoker.invokeTestMethods(TestInvoker.java:146)
at org.testng.internal.TestMethodWorker.invokeTestMethods(TestMethodWorker.java:146)
at org.testng.internal.TestMethodWorker.run(TestMethodWorker.java:128)
at java.base/java.util.ArrayList.forEach(ArrayList.java:1511)
at org.testng.TestRunner.privateRun(TestRunner.java:794)
at org.testng.TestRunner.run(TestRunner.java:596)
at org.testng.SuiteRunner.runTest(SuiteRunner.java:377)
at org.testng.SuiteRunner.runSequentially(SuiteRunner.java:371)
at org.testng.SuiteRunner.privateRun(SuiteRunner.java:332)
at org.testng.SuiteRunner.run(SuiteRunner.java:276)
at org.testng.SuiteRunnerWorker.runSuite(SuiteRunnerWorker.java:53)
at org.testng.SuiteRunnerWorker.run(SuiteRunnerWorker.java:96)
at org.testng.TestNG.runSuitesSequentially(TestNG.java:1212)
at org.testng.TestNG.runSuitesLocally(TestNG.java:1134)
at org.testng.TestNG.runSuites(TestNG.java:1063)
at org.testng.TestNG.run(TestNG.java:1031)
at org.testng.remote.AbstractRemoteTestNG.run(AbstractRemoteTestNG.java:115)
at org.testng.remote.RemoteTestNG.initAndRun(RemoteTestNG.java:251)
at org.testng.remote.RemoteTestNG.main(RemoteTestNG.java:77)
]]>
    </error>
  </testcase> <!-- CheckMandatoryForWeighbridgeMake -->
  <system-out/>
  <testcase classname="com.Khanij.WeighbridgeRegistration.Mandatory$Alphanumeric" name="CheckMandatoryForWeighbridgeModel" time="23.820"/>
  <system-out/>
  <testcase classname="com.Khanij.WeighbridgeRegistration.Mandatory$Alphanumeric" name="CheckMandatoryForModelBaudRate" time="25.064"/>
  <system-out/>
  <testcase classname="com.Khanij.WeighbridgeRegistration.Mandatory$Alphanumeric" name="CheckMandatoryForDataBit" time="25.650"/>
  <system-out/>
  <testcase classname="com.Khanij.WeighbridgeRegistration.Mandatory$Alphanumeric" name="CheckMandatoryForStopBit" time="26.668"/>
  <system-out/>
  <testcase classname="com.Khanij.WeighbridgeRegistration.Mandatory$Alphanumeric" name="CheckMandatoryForParity" time="27.665"/>
  <system-out/>
  <testcase classname="com.Khanij.WeighbridgeRegistration.Mandatory$Alphanumeric" name="CheckMandatoryForStringReadFromHyperterminal" time="28.169"/>
  <system-out/>
  <testcase classname="com.Khanij.WeighbridgeRegistration.Mandatory$Alphanumeric" name="CheckMandatoryForPoint1Latitude" time="28.766"/>
  <system-out/>
  <testcase classname="com.Khanij.WeighbridgeRegistration.Mandatory$Alphanumeric" name="CheckMandatoryForPoint1Longitude" time="29.964"/>
  <system-out/>
  <testcase classname="com.Khanij.WeighbridgeRegistration.Mandatory$Alphanumeric" name="CheckMandatoryForPoint2Latitude" time="30.666"/>
  <system-out/>
  <testcase classname="com.Khanij.WeighbridgeRegistration.Mandatory$Alphanumeric" name="CheckMandatoryForPoint2Longitude" time="32.291"/>
  <system-out/>
  <testcase classname="com.Khanij.WeighbridgeRegistration.Mandatory$Alphanumeric" name="CheckMandatoryForPoint3Latitude" time="33.428"/>
  <system-out/>
  <testcase classname="com.Khanij.WeighbridgeRegistration.Mandatory$Alphanumeric" name="CheckMandatoryForPoint3Longitude" time="34.180"/>
  <system-out/>
  <testcase classname="com.Khanij.WeighbridgeRegistration.Mandatory$Alphanumeric" name="CheckMandatoryForPoint4Latitude" time="34.903"/>
  <system-out/>
  <testcase classname="com.Khanij.WeighbridgeRegistration.Mandatory$Alphanumeric" name="CheckMandatoryForPoint4Longitude" time="35.516"/>
  <system-out/>
</testsuite> <!-- com.Khanij.WeighbridgeRegistration.Mandatory$Alphanumeric -->
